mode: set
github.com/murilogilfelpeto/webapp/cmd/web/forms.go:10.42,12.26 2 1
github.com/murilogilfelpeto/webapp/cmd/web/forms.go:12.26,15.3 1 1
github.com/murilogilfelpeto/webapp/cmd/web/forms.go:16.2,16.22 1 1
github.com/murilogilfelpeto/webapp/cmd/web/forms.go:19.44,21.2 1 1
github.com/murilogilfelpeto/webapp/cmd/web/forms.go:28.37,33.2 1 1
github.com/murilogilfelpeto/webapp/cmd/web/forms.go:35.39,37.13 2 1
github.com/murilogilfelpeto/webapp/cmd/web/forms.go:37.13,39.3 1 1
github.com/murilogilfelpeto/webapp/cmd/web/forms.go:40.2,40.13 1 1
github.com/murilogilfelpeto/webapp/cmd/web/forms.go:43.43,44.31 1 1
github.com/murilogilfelpeto/webapp/cmd/web/forms.go:44.31,46.37 2 1
github.com/murilogilfelpeto/webapp/cmd/web/forms.go:46.37,48.4 1 1
github.com/murilogilfelpeto/webapp/cmd/web/forms.go:52.52,53.9 1 1
github.com/murilogilfelpeto/webapp/cmd/web/forms.go:53.9,55.3 1 1
github.com/murilogilfelpeto/webapp/cmd/web/forms.go:58.29,60.2 1 1
github.com/murilogilfelpeto/webapp/cmd/web/handlers.go:18.70,20.2 1 1
github.com/murilogilfelpeto/webapp/cmd/web/handlers.go:22.108,25.16 2 1
github.com/murilogilfelpeto/webapp/cmd/web/handlers.go:25.16,28.3 2 0
github.com/murilogilfelpeto/webapp/cmd/web/handlers.go:30.2,34.16 3 1
github.com/murilogilfelpeto/webapp/cmd/web/handlers.go:34.16,36.3 1 0
github.com/murilogilfelpeto/webapp/cmd/web/handlers.go:38.2,38.12 1 1
github.com/murilogilfelpeto/webapp/cmd/web/handlers.go:41.71,43.16 2 0
github.com/murilogilfelpeto/webapp/cmd/web/handlers.go:43.16,47.3 3 0
github.com/murilogilfelpeto/webapp/cmd/web/handlers.go:50.2,55.60 4 0
github.com/murilogilfelpeto/webapp/cmd/web/main.go:10.13,22.16 5 0
github.com/murilogilfelpeto/webapp/cmd/web/main.go:22.16,24.3 1 0
github.com/murilogilfelpeto/webapp/cmd/web/middleware.go:14.67,16.2 1 1
github.com/murilogilfelpeto/webapp/cmd/web/middleware.go:18.72,19.71 1 1
github.com/murilogilfelpeto/webapp/cmd/web/middleware.go:19.71,21.17 2 1
github.com/murilogilfelpeto/webapp/cmd/web/middleware.go:21.17,23.20 2 1
github.com/murilogilfelpeto/webapp/cmd/web/middleware.go:23.20,25.5 1 1
github.com/murilogilfelpeto/webapp/cmd/web/middleware.go:28.3,29.40 2 1
github.com/murilogilfelpeto/webapp/cmd/web/middleware.go:33.45,35.16 2 1
github.com/murilogilfelpeto/webapp/cmd/web/middleware.go:35.16,37.3 1 1
github.com/murilogilfelpeto/webapp/cmd/web/middleware.go:39.2,40.19 2 1
github.com/murilogilfelpeto/webapp/cmd/web/middleware.go:40.19,42.3 1 1
github.com/murilogilfelpeto/webapp/cmd/web/middleware.go:44.2,44.66 1 1
github.com/murilogilfelpeto/webapp/cmd/web/middleware.go:44.66,46.3 1 1
github.com/murilogilfelpeto/webapp/cmd/web/middleware.go:48.2,48.18 1 1
github.com/murilogilfelpeto/webapp/cmd/web/middleware.go:48.18,50.3 1 0
github.com/murilogilfelpeto/webapp/cmd/web/middleware.go:52.2,52.16 1 1
github.com/murilogilfelpeto/webapp/cmd/web/routes.go:9.47,24.2 8 1
